<?xml version="1.0" encoding="utf-8"?><testsuites name="pytest tests"><testsuite name="pytest" errors="0" failures="0" skipped="0" tests="20" time="8.620" timestamp="2026-08-01T03:57:12.065290+00:00" hostname="agent-env-83faaea1-3c0f-45a2-b3f0-0276e894a869"><testcase classname="test_fase4_backend.TestJWTSecret" name="test_env_file_has_jwt_secret" time="0.006" /><testcase classname="test_fase4_backend.TestJWTSecret" name="test_login_and_decode_with_env_secret" time="0.274" /><testcase classname="test_fase4_backend.TestJWTSecret" name="test_token_survives_backend_restart" time="2.286" /><testcase classname="test_fase4_backend.TestAuthV2Flow" name="test_login_web_sets_httponly_cookie" time="0.270" /><testcase classname="test_fase4_backend.TestAuthV2Flow" name="test_login_native_returns_refresh_in_body" time="0.230" /><testcase classname="test_fase4_backend.TestAuthV2Flow" name="test_refresh_rotates_token" time="0.235" /><testcase classname="test_fase4_backend.TestAuthV2Flow" name="test_logout_revokes_session" time="0.238" /><testcase classname="test_fase4_backend.TestBruteForceAndRateLimit" name="test_rate_limit_headers_present" time="0.050" /><testcase classname="test_fase4_backend.TestBruteForceAndRateLimit" name="test_bruteforce_lockout_returns_429" time="0.221" /><testcase classname="test_fase4_backend.TestHealth" name="test_legacy_health" time="0.004" /><testcase classname="test_fase4_backend.TestHealth" name="test_livez" time="0.003" /><testcase classname="test_fase4_backend.TestHealth" name="test_ready_checks" time="0.026" /><testcase classname="test_fase4_backend.TestMenuRender" name="test_menu_html_contains_ws_client" time="0.006" /><testcase classname="test_fase4_backend.TestMedia" name="test_upload_image_falls_back_to_legacy" time="2.343" /><testcase classname="test_fase4_backend.TestMedia" name="test_presign_returns_503_when_r2_unset" time="0.004" /><testcase classname="test_fase4_backend.TestMedia" name="test_upload_exe_rejected" time="0.005" /><testcase classname="test_fase4_backend.TestStartupCheck" name="test_startup_check_exits_2_on_broken_env" time="0.045" /><testcase classname="test_fase4_backend.TestA40Regression" name="test_wp_comments_basic_auth_ok" time="0.006" /><testcase classname="test_fase4_backend.TestA40Regression" name="test_wp_comments_wrong_password_401" time="0.004" /><testcase classname="test_fase4_backend.TestAuditLog" name="test_audit_captures_login_success_and_failed_and_logout" time="2.314" /></testsuite></testsuites>