<?xml version="1.0" encoding="utf-8"?><testsuites name="pytest tests"><testsuite name="pytest" errors="0" failures="0" skipped="0" tests="19" time="4.278" timestamp="2026-08-03T06:24:38.712064+00:00" hostname="agent-env-83faaea1-3c0f-45a2-b3f0-0276e894a869"><testcase classname="backend.tests.test_apex_routing.TestApexServesCustomerSPA" name="test_apex_returns_200" time="0.352" /><testcase classname="backend.tests.test_apex_routing.TestApexServesCustomerSPA" name="test_apex_body_has_customer_hero" time="0.116" /><testcase classname="backend.tests.test_apex_routing.TestApexServesCustomerSPA" name="test_apex_body_has_customer_title" time="0.112" /><testcase classname="backend.tests.test_apex_routing.TestApexServesCustomerSPA" name="test_apex_body_has_at_least_8_spa_views" time="0.120" /><testcase classname="backend.tests.test_apex_routing.TestWwwServesCustomerSPA" name="test_www_terminates_on_customer_html" time="0.486" /><testcase classname="backend.tests.test_apex_routing.TestPanelStillServesAdmin" name="test_panel_returns_200" time="0.391" /><testcase classname="backend.tests.test_apex_routing.TestPanelStillServesAdmin" name="test_panel_has_admin_title" time="0.179" /><testcase classname="backend.tests.test_apex_routing.TestPanelStillServesAdmin" name="test_panel_does_NOT_have_customer_hero" time="0.111" /><testcase classname="backend.tests.test_apex_routing.TestHomeLegacyMarketing" name="test_home_returns_200" time="0.164" /><testcase classname="backend.tests.test_apex_routing.TestHomeLegacyMarketing" name="test_home_serves_legacy_landing" time="0.112" /><testcase classname="backend.tests.test_apex_routing.TestHomeLegacyMarketing" name="test_home_does_not_only_show_customer_hero" time="0.112" /><testcase classname="backend.tests.test_apex_routing" name="test_spa_core_routes_serve_customer_html[/signup]" time="0.166" /><testcase classname="backend.tests.test_apex_routing" name="test_spa_core_routes_serve_customer_html[/login]" time="0.132" /><testcase classname="backend.tests.test_apex_routing" name="test_spa_core_routes_serve_customer_html[/portal]" time="0.107" /><testcase classname="backend.tests.test_apex_routing" name="test_spa_core_routes_serve_customer_html[/marketplace]" time="0.109" /><testcase classname="backend.tests.test_apex_routing" name="test_spa_core_routes_serve_customer_html[/api/screen]" time="0.107" /><testcase classname="backend.tests.test_apex_routing" name="test_spa_core_routes_serve_customer_html[/api/marketplace]" time="0.108" /><testcase classname="backend.tests.test_apex_routing.TestAuthSanity" name="test_register_returns_token" time="0.633" /><testcase classname="backend.tests.test_apex_routing.TestAuthSanity" name="test_login_with_new_credentials" time="0.621" /></testsuite></testsuites>